<?xml version="1.0" encoding="UTF-8"?>
<!-- Generated by org.testng.reporters.JUnitReportReporter -->
<testsuite hostname="LAPTOP-LCIH0EQT" failures="0" tests="1" name="test_scrpts.Test_Scripts_002" time="0.032" errors="0" timestamp="2023-11-05T20:35:39 IST" skipped="0">
  <testcase classname="test_scrpts.Test_Scripts_002" name="name" time="0.032"/>
  <system-out/>
</testsuite> <!-- test_scrpts.Test_Scripts_002 -->
