<?xml version="1.0" encoding="UTF-8"?>
<!-- Generated by org.testng.reporters.JUnitReportReporter -->
<testsuite hostname="LAPTOP-LCIH0EQT" failures="0" tests="1" name="test_scrpts.DemoWebShop_LoginPage_001" time="9.713" errors="0" timestamp="2023-11-05T21:11:26 IST" skipped="0">
  <testcase classname="test_scrpts.DemoWebShop_LoginPage_001" name="loginPage" time="9.713"/>
  <system-out/>
</testsuite> <!-- test_scrpts.DemoWebShop_LoginPage_001 -->
