<?xml version="1.0" encoding="UTF-8"?>
<!-- Generated by org.testng.reporters.JUnitReportReporter -->
<testsuite hostname="LAPTOP-LCIH0EQT" failures="0" tests="1" name="test_scrpts.Test_Case_001" time="12.905" errors="0" timestamp="2023-11-05T20:50:43 IST" skipped="0">
  <testcase classname="test_scrpts.Test_Case_001" name="loginscrpt" time="12.905"/>
  <system-out/>
</testsuite> <!-- test_scrpts.Test_Case_001 -->
