<?xml version="1.0" encoding="UTF-8"?>
<!-- Generated by org.testng.reporters.JUnitReportReporter -->
<testsuite hostname="LAPTOP-LCIH0EQT" failures="0" tests="1" name="score.batsman_name" time="0.009" errors="0" timestamp="2023-06-08T15:33:16 IST" skipped="0">
  <testcase classname="score.batsman_name" name="manu" time="0.009"/>
  <system-out/>
</testsuite> <!-- score.batsman_name -->
