<?xml version="1.0" encoding="UTF-8"?>
<!-- Generated by org.testng.reporters.JUnitReportReporter -->
<testsuite hostname="LAPTOP-LCIH0EQT" failures="0" tests="1" name="score.all_roundre" time="0.001" errors="0" timestamp="2023-06-08T15:33:16 IST" skipped="0">
  <testcase classname="score.all_roundre" name="manu" time="0.001"/>
  <system-out/>
</testsuite> <!-- score.all_roundre -->
