<?xml version="1.0" encoding="UTF-8"?>
<!-- Generated by org.testng.reporters.JUnitReportReporter -->
<testsuite hostname="LAPTOP-LCIH0EQT" failures="0" tests="3" name="data_provider.data_driven_testing" time="0.010" errors="0" timestamp="2023-06-11T19:46:47 IST" skipped="0">
  <testcase classname="data_provider.data_driven_testing" name="testing" time="0.002"/>
  <system-out/>
  <testcase classname="data_provider.data_driven_testing" name="testing" time="0.006"/>
  <system-out/>
  <testcase classname="data_provider.data_driven_testing" name="testing" time="0.002"/>
  <system-out/>
</testsuite> <!-- data_provider.data_driven_testing -->
