<?xml version="1.0" encoding="UTF-8"?>
<!-- Generated by org.testng.reporters.JUnitReportReporter -->
<testsuite hostname="LAPTOP-LCIH0EQT" failures="0" tests="3" name="TestCase.DWS_Register_001" time="0.008" errors="0" timestamp="2023-06-12T22:19:02 IST" skipped="0">
  <testcase classname="TestCase.DWS_Register_001" name="register" time="0.005"/>
  <system-out/>
  <testcase classname="TestCase.DWS_Register_001" name="register" time="0.001"/>
  <system-out/>
  <testcase classname="TestCase.DWS_Register_001" name="register" time="0.002"/>
  <system-out/>
</testsuite> <!-- TestCase.DWS_Register_001 -->
