<?xml version="1.0" encoding="UTF-8"?>
<!-- Generated by org.testng.reporters.JUnitReportReporter -->
<testsuite hostname="LAPTOP-LCIH0EQT" failures="0" tests="1" name="com.automation_Scripts.Login_Test" time="7.576" errors="0" timestamp="2023-06-16T17:26:37 IST" skipped="0">
  <testcase classname="com.automation_Scripts.Login_Test" name="login" time="7.576"/>
  <system-out/>
</testsuite> <!-- com.automation_Scripts.Login_Test -->
